<?xml version="1.0" encoding="UTF-8"?>
<testng-results ignored="0" total="1" passed="1" failed="0" skipped="0">
  <reporter-output>
  </reporter-output>
  <suite started-at="2021-10-13T05:28:23Z" name="Regression" finished-at="2021-10-13T05:28:34Z" duration-ms="11476">
    <groups>
    </groups>
    <test started-at="2021-10-13T05:28:23Z" name="UITest" finished-at="2021-10-13T05:28:34Z" duration-ms="11476">
      <class name="in.reqres.api.tc.ListUsersEndPointValidation">
        <test-method signature="listUsersEndPointValidation()[pri:0, instance:in.reqres.api.tc.ListUsersEndPointValidation@6d3af739]" started-at="2021-10-13T05:28:23Z" name="listUsersEndPointValidation" finished-at="2021-10-13T05:28:34Z" duration-ms="11422" status="PASS">
          <reporter-output>
          </reporter-output>
        </test-method> <!-- listUsersEndPointValidation -->
      </class> <!-- in.reqres.api.tc.ListUsersEndPointValidation -->
    </test> <!-- UITest -->
  </suite> <!-- Regression -->
</testng-results>
